In file included from Test/main.cpp:1:
In file included from Test/test.hpp:3:
In file included from /usr/local/include/odfaeg/Core/application.h:3:
In file included from /usr/local/include/odfaeg/Core/resourceCache.h:3:
/usr/local/include/odfaeg/Core/resourceManager.h:528:26: warning: unused variable 'id' [-Wunused-variable]
            unsigned int id = getIdByAlias(alias);
                         ^
In file included from Test/main.cpp:1:
In file included from Test/test.hpp:3:
In file included from /usr/local/include/odfaeg/Core/application.h:4:
In file included from /usr/local/include/odfaeg/Core/../Graphics/renderWindow.h:37:
In file included from /usr/local/include/odfaeg/Core/../Graphics/renderTarget.h:3:
In file included from /usr/local/include/odfaeg/Core/../Graphics/view.h:4:
In file included from /usr/local/include/odfaeg/Core/../Graphics/../Math/vec4.h:8:
In file included from /usr/local/include/odfaeg/Core/../Graphics/../Math/../Core/serialization.h:9:
In file included from /usr/local/include/odfaeg/Core/archive.h:7:
In file included from /usr/local/include/odfaeg/Core/factory.h:7:
/usr/local/include/odfaeg/Core/fastDelegate.h:170:9: warning: 'RefVal' defined as a struct template here but previously declared as a class template [-Wmismatched-tags]
        struct RefVal {
        ^
/usr/local/include/odfaeg/Core/fastDelegate.h:70:9: note: did you mean struct here?
        class RefVal;
        ^~~~~
        struct
In file included from Test/main.cpp:1:
In file included from Test/test.hpp:3:
In file included from /usr/local/include/odfaeg/Core/application.h:4:
In file included from /usr/local/include/odfaeg/Core/../Graphics/renderWindow.h:37:
In file included from /usr/local/include/odfaeg/Core/../Graphics/renderTarget.h:3:
In file included from /usr/local/include/odfaeg/Core/../Graphics/view.h:4:
In file included from /usr/local/include/odfaeg/Core/../Graphics/../Math/vec4.h:8:
In file included from /usr/local/include/odfaeg/Core/../Graphics/../Math/../Core/serialization.h:9:
/usr/local/include/odfaeg/Core/archive.h:613:13: warning: control reaches end of non-void function [-Wreturn-type]
            }
            ^
/usr/local/include/odfaeg/Core/archive.h:1384:13: warning: control reaches end of non-void function [-Wreturn-type]
            }
            ^
In file included from Test/main.cpp:1:
In file included from Test/test.hpp:3:
In file included from /usr/local/include/odfaeg/Core/application.h:4:
In file included from /usr/local/include/odfaeg/Core/../Graphics/renderWindow.h:37:
In file included from /usr/local/include/odfaeg/Core/../Graphics/renderTarget.h:3:
In file included from /usr/local/include/odfaeg/Core/../Graphics/view.h:5:
In file included from /usr/local/include/odfaeg/Core/../Graphics/projMatrix.h:8:
In file included from /usr/local/include/odfaeg/Core/../Graphics/../Physics/boundingBox.h:6:
/usr/local/include/odfaeg/Core/../Graphics/../Physics/boundingVolume.h:60:18: warning: 'odfaeg::physic::BoundingVolume::intersects' hides overloaded virtual functions [-Woverloaded-virtual]
            bool intersects(BaseInterface& other, CollisionResultSet::Info& info) {
                 ^
/usr/local/include/odfaeg/Core/../Graphics/../Physics/boundingVolume.h:36:27: note: hidden overloaded virtual function 'odfaeg::physic::BaseInterface::intersects' declared here: type mismatch at 1st parameter ('odfaeg::physic::BoundingBox &' vs 'odfaeg::physic::BaseInterface &')
             virtual bool intersects (BoundingBox &bb, CollisionResultSet::Info& infos) = 0;
                          ^
/usr/local/include/odfaeg/Core/../Graphics/../Physics/boundingVolume.h:37:27: note: hidden overloaded virtual function 'odfaeg::physic::BaseInterface::intersects' declared here: type mismatch at 1st parameter ('odfaeg::physic::BoundingSphere &' vs 'odfaeg::physic::BaseInterface &')
             virtual bool intersects (BoundingSphere &bs, CollisionResultSet::Info& infos) = 0;
                          ^
/usr/local/include/odfaeg/Core/../Graphics/../Physics/boundingVolume.h:38:27: note: hidden overloaded virtual function 'odfaeg::physic::BaseInterface::intersects' declared here: type mismatch at 1st parameter ('odfaeg::physic::BoundingEllipsoid &' vs 'odfaeg::physic::BaseInterface &')
             virtual bool intersects (BoundingEllipsoid &be, CollisionResultSet::Info& infos) = 0;
                          ^
/usr/local/include/odfaeg/Core/../Graphics/../Physics/boundingVolume.h:39:27: note: hidden overloaded virtual function 'odfaeg::physic::BaseInterface::intersects' declared here: type mismatch at 1st parameter ('odfaeg::physic::OrientedBoundingBox &' vs 'odfaeg::physic::BaseInterface &')
             virtual bool intersects (OrientedBoundingBox &ob, CollisionResultSet::Info& infos) = 0;
                          ^
/usr/local/include/odfaeg/Core/../Graphics/../Physics/boundingVolume.h:40:27: note: hidden overloaded virtual function 'odfaeg::physic::BaseInterface::intersects' declared here: type mismatch at 1st parameter ('odfaeg::physic::BoundingPolyhedron &' vs 'odfaeg::physic::BaseInterface &')
             virtual bool intersects (BoundingPolyhedron &bp, CollisionResultSet::Info& infos) = 0;
                          ^
In file included from Test/main.cpp:1:
In file included from Test/test.hpp:3:
In file included from /usr/local/include/odfaeg/Core/application.h:4:
In file included from /usr/local/include/odfaeg/Core/../Graphics/renderWindow.h:37:
In file included from /usr/local/include/odfaeg/Core/../Graphics/renderTarget.h:3:
In file included from /usr/local/include/odfaeg/Core/../Graphics/view.h:5:
In file included from /usr/local/include/odfaeg/Core/../Graphics/projMatrix.h:8:
In file included from /usr/local/include/odfaeg/Core/../Graphics/../Physics/boundingBox.h:7:
/usr/local/include/odfaeg/Core/../Graphics/../Physics/../Math/computer.h:187:64: warning: '&&' within '||' [-Wlogical-op-parentheses]
                        if (currentPathIndex == path.size() -1 && time > 0 || currentPathIndex == 0 && time < 0)
                            ~~~~~~~~~~~~~~~~~~~~~~~~~~~~~~~~~~~^~~~~~~~~~~ ~~
/usr/local/include/odfaeg/Core/../Graphics/../Physics/../Math/computer.h:187:64: note: place parentheses around the '&&' expression to silence this warning
                        if (currentPathIndex == path.size() -1 && time > 0 || currentPathIndex == 0 && time < 0)
                                                               ^
                            (                                             )
/usr/local/include/odfaeg/Core/../Graphics/../Physics/../Math/computer.h:187:101: warning: '&&' within '||' [-Wlogical-op-parentheses]
                        if (currentPathIndex == path.size() -1 && time > 0 || currentPathIndex == 0 && time < 0)
                                                                           ~~ ~~~~~~~~~~~~~~~~~~~~~~^~~~~~~~~~~
/usr/local/include/odfaeg/Core/../Graphics/../Physics/../Math/computer.h:187:101: note: place parentheses around the '&&' expression to silence this warning
                        if (currentPathIndex == path.size() -1 && time > 0 || currentPathIndex == 0 && time < 0)
                                                                                                    ^
                                                                              (                                )
/usr/local/include/odfaeg/Core/../Graphics/../Physics/../Math/computer.h:292:64: warning: '&&' within '||' [-Wlogical-op-parentheses]
                        if (currentPathIndex == path.size() -1 && time > 0 || currentPathIndex == 0 && time < 0)
                            ~~~~~~~~~~~~~~~~~~~~~~~~~~~~~~~~~~~^~~~~~~~~~~ ~~
/usr/local/include/odfaeg/Core/../Graphics/../Physics/../Math/computer.h:292:64: note: place parentheses around the '&&' expression to silence this warning
                        if (currentPathIndex == path.size() -1 && time > 0 || currentPathIndex == 0 && time < 0)
                                                               ^
                            (                                             )
/usr/local/include/odfaeg/Core/../Graphics/../Physics/../Math/computer.h:292:101: warning: '&&' within '||' [-Wlogical-op-parentheses]
                        if (currentPathIndex == path.size() -1 && time > 0 || currentPathIndex == 0 && time < 0)
                                                                           ~~ ~~~~~~~~~~~~~~~~~~~~~~^~~~~~~~~~~
/usr/local/include/odfaeg/Core/../Graphics/../Physics/../Math/computer.h:292:101: note: place parentheses around the '&&' expression to silence this warning
                        if (currentPathIndex == path.size() -1 && time > 0 || currentPathIndex == 0 && time < 0)
                                                                                                    ^
                                                                              (                                )
/usr/local/include/odfaeg/Core/../Graphics/../Physics/../Math/computer.h:416:81: warning: '&&' within '||' [-Wlogical-op-parentheses]
                        if ((dist <= distMin) && (nDist <= nDistMin) && (a1 > 0 && a2 < 0 || a1 < 0 && a2 > 0)) {
                                                                         ~~~~~~~^~~~~~~~~ ~~
/usr/local/include/odfaeg/Core/../Graphics/../Physics/../Math/computer.h:416:81: note: place parentheses around the '&&' expression to silence this warning
                        if ((dist <= distMin) && (nDist <= nDistMin) && (a1 > 0 && a2 < 0 || a1 < 0 && a2 > 0)) {
                                                                                ^
                                                                         (               )
/usr/local/include/odfaeg/Core/../Graphics/../Physics/../Math/computer.h:416:101: warning: '&&' within '||' [-Wlogical-op-parentheses]
                        if ((dist <= distMin) && (nDist <= nDistMin) && (a1 > 0 && a2 < 0 || a1 < 0 && a2 > 0)) {
                                                                                          ~~ ~~~~~~~^~~~~~~~~
/usr/local/include/odfaeg/Core/../Graphics/../Physics/../Math/computer.h:416:101: note: place parentheses around the '&&' expression to silence this warning
                        if ((dist <= distMin) && (nDist <= nDistMin) && (a1 > 0 && a2 < 0 || a1 < 0 && a2 > 0)) {
                                                                                                    ^
                                                                                             (               )
In file included from Test/main.cpp:1:
In file included from Test/test.hpp:3:
In file included from /usr/local/include/odfaeg/Core/application.h:6:
In file included from /usr/local/include/odfaeg/Core/../Graphics/renderComponentManager.h:6:
In file included from /usr/local/include/odfaeg/Core/../Graphics/../Graphics/tile.h:9:
In file included from /usr/local/include/odfaeg/Core/../Graphics/entity.h:5:
In file included from /usr/local/include/odfaeg/Core/../Graphics/../Core/state.h:6:
/usr/local/include/odfaeg/Core/stateParameter.h:32:22: warning: field 'name' will be initialized after field 'value' [-Wreorder]
                     name (name), value (std::forward<T>(value)) {
                     ^
In file included from Test/main.cpp:1:
In file included from Test/test.hpp:3:
In file included from /usr/local/include/odfaeg/Core/application.h:6:
In file included from /usr/local/include/odfaeg/Core/../Graphics/renderComponentManager.h:7:
In file included from /usr/local/include/odfaeg/Core/../Graphics/../../../include/odfaeg/Graphics/heavyComponent.h:3:
/usr/local/include/odfaeg/Core/../Graphics/component.h:13:13: warning: field 'priority' will be initialized after field 'window' [-Wreorder]
            priority(priority),
            ^
In file included from Test/main.cpp:1:
In file included from Test/test.hpp:3:
In file included from /usr/local/include/odfaeg/Core/application.h:6:
In file included from /usr/local/include/odfaeg/Core/../Graphics/renderComponentManager.h:7:
/usr/local/include/odfaeg/Core/../Graphics/../../../include/odfaeg/Graphics/heavyComponent.h:29:26: warning: 'odfaeg::graphic::HeavyComponent::draw' hides overloaded virtual function [-Woverloaded-virtual]
            virtual void draw(Drawable& drawable, RenderStates states) = 0;
                         ^
/usr/local/include/odfaeg/Core/../Graphics/drawable.h:55:26: note: hidden overloaded virtual function 'odfaeg::graphic::Drawable::draw' declared here: type mismatch at 1st parameter ('odfaeg::graphic::RenderTarget &' vs 'odfaeg::graphic::Drawable &')
            virtual void draw(RenderTarget& target, RenderStates states) = 0;
                         ^
In file included from Test/main.cpp:1:
In file included from Test/test.hpp:3:
In file included from /usr/local/include/odfaeg/Core/application.h:10:
/usr/local/include/odfaeg/Core/../Network/network.h:182:26: warning: reference cannot be bound to dereferenced null pointer in well-defined C++ code; comparison may be assumed to always evaluate to false [-Wtautological-undefined-compare]
                    if (&cli == nullptr) {
                         ^~~    ~~~~~~~
/usr/local/include/odfaeg/Core/../Network/network.h:219:26: warning: reference cannot be bound to dereferenced null pointer in well-defined C++ code; comparison may be assumed to always evaluate to false [-Wtautological-undefined-compare]
                    if (&srv == nullptr) {
                         ^~~    ~~~~~~~
16 warnings generated.
In file included from Test/test.cpp:1:
In file included from /home/laurent/Développement/Projets-c++/ODFAEGCREATOR/Test/test.hpp:3:
In file included from /usr/local/include/odfaeg/Core/application.h:3:
In file included from /usr/local/include/odfaeg/Core/resourceCache.h:3:
/usr/local/include/odfaeg/Core/resourceManager.h:528:26: warning: unused variable 'id' [-Wunused-variable]
            unsigned int id = getIdByAlias(alias);
                         ^
In file included from Test/test.cpp:1:
In file included from /home/laurent/Développement/Projets-c++/ODFAEGCREATOR/Test/test.hpp:3:
In file included from /usr/local/include/odfaeg/Core/application.h:4:
In file included from /usr/local/include/odfaeg/Core/../Graphics/renderWindow.h:37:
In file included from /usr/local/include/odfaeg/Core/../Graphics/renderTarget.h:3:
In file included from /usr/local/include/odfaeg/Core/../Graphics/view.h:4:
In file included from /usr/local/include/odfaeg/Core/../Graphics/../Math/vec4.h:8:
In file included from /usr/local/include/odfaeg/Core/../Graphics/../Math/../Core/serialization.h:9:
In file included from /usr/local/include/odfaeg/Core/archive.h:7:
In file included from /usr/local/include/odfaeg/Core/factory.h:7:
/usr/local/include/odfaeg/Core/fastDelegate.h:170:9: warning: 'RefVal' defined as a struct template here but previously declared as a class template [-Wmismatched-tags]
        struct RefVal {
        ^
/usr/local/include/odfaeg/Core/fastDelegate.h:70:9: note: did you mean struct here?
        class RefVal;
        ^~~~~
        struct
In file included from Test/test.cpp:1:
In file included from /home/laurent/Développement/Projets-c++/ODFAEGCREATOR/Test/test.hpp:3:
In file included from /usr/local/include/odfaeg/Core/application.h:4:
In file included from /usr/local/include/odfaeg/Core/../Graphics/renderWindow.h:37:
In file included from /usr/local/include/odfaeg/Core/../Graphics/renderTarget.h:3:
In file included from /usr/local/include/odfaeg/Core/../Graphics/view.h:4:
In file included from /usr/local/include/odfaeg/Core/../Graphics/../Math/vec4.h:8:
In file included from /usr/local/include/odfaeg/Core/../Graphics/../Math/../Core/serialization.h:9:
/usr/local/include/odfaeg/Core/archive.h:613:13: warning: control reaches end of non-void function [-Wreturn-type]
            }
            ^
/usr/local/include/odfaeg/Core/archive.h:1384:13: warning: control reaches end of non-void function [-Wreturn-type]
            }
            ^
In file included from Test/test.cpp:1:
In file included from /home/laurent/Développement/Projets-c++/ODFAEGCREATOR/Test/test.hpp:3:
In file included from /usr/local/include/odfaeg/Core/application.h:4:
In file included from /usr/local/include/odfaeg/Core/../Graphics/renderWindow.h:37:
In file included from /usr/local/include/odfaeg/Core/../Graphics/renderTarget.h:3:
In file included from /usr/local/include/odfaeg/Core/../Graphics/view.h:5:
In file included from /usr/local/include/odfaeg/Core/../Graphics/projMatrix.h:8:
In file included from /usr/local/include/odfaeg/Core/../Graphics/../Physics/boundingBox.h:6:
/usr/local/include/odfaeg/Core/../Graphics/../Physics/boundingVolume.h:60:18: warning: 'odfaeg::physic::BoundingVolume::intersects' hides overloaded virtual functions [-Woverloaded-virtual]
            bool intersects(BaseInterface& other, CollisionResultSet::Info& info) {
                 ^
/usr/local/include/odfaeg/Core/../Graphics/../Physics/boundingVolume.h:36:27: note: hidden overloaded virtual function 'odfaeg::physic::BaseInterface::intersects' declared here: type mismatch at 1st parameter ('odfaeg::physic::BoundingBox &' vs 'odfaeg::physic::BaseInterface &')
             virtual bool intersects (BoundingBox &bb, CollisionResultSet::Info& infos) = 0;
                          ^
/usr/local/include/odfaeg/Core/../Graphics/../Physics/boundingVolume.h:37:27: note: hidden overloaded virtual function 'odfaeg::physic::BaseInterface::intersects' declared here: type mismatch at 1st parameter ('odfaeg::physic::BoundingSphere &' vs 'odfaeg::physic::BaseInterface &')
             virtual bool intersects (BoundingSphere &bs, CollisionResultSet::Info& infos) = 0;
                          ^
/usr/local/include/odfaeg/Core/../Graphics/../Physics/boundingVolume.h:38:27: note: hidden overloaded virtual function 'odfaeg::physic::BaseInterface::intersects' declared here: type mismatch at 1st parameter ('odfaeg::physic::BoundingEllipsoid &' vs 'odfaeg::physic::BaseInterface &')
             virtual bool intersects (BoundingEllipsoid &be, CollisionResultSet::Info& infos) = 0;
                          ^
/usr/local/include/odfaeg/Core/../Graphics/../Physics/boundingVolume.h:39:27: note: hidden overloaded virtual function 'odfaeg::physic::BaseInterface::intersects' declared here: type mismatch at 1st parameter ('odfaeg::physic::OrientedBoundingBox &' vs 'odfaeg::physic::BaseInterface &')
             virtual bool intersects (OrientedBoundingBox &ob, CollisionResultSet::Info& infos) = 0;
                          ^
/usr/local/include/odfaeg/Core/../Graphics/../Physics/boundingVolume.h:40:27: note: hidden overloaded virtual function 'odfaeg::physic::BaseInterface::intersects' declared here: type mismatch at 1st parameter ('odfaeg::physic::BoundingPolyhedron &' vs 'odfaeg::physic::BaseInterface &')
             virtual bool intersects (BoundingPolyhedron &bp, CollisionResultSet::Info& infos) = 0;
                          ^
In file included from Test/test.cpp:1:
In file included from /home/laurent/Développement/Projets-c++/ODFAEGCREATOR/Test/test.hpp:3:
In file included from /usr/local/include/odfaeg/Core/application.h:4:
In file included from /usr/local/include/odfaeg/Core/../Graphics/renderWindow.h:37:
In file included from /usr/local/include/odfaeg/Core/../Graphics/renderTarget.h:3:
In file included from /usr/local/include/odfaeg/Core/../Graphics/view.h:5:
In file included from /usr/local/include/odfaeg/Core/../Graphics/projMatrix.h:8:
In file included from /usr/local/include/odfaeg/Core/../Graphics/../Physics/boundingBox.h:7:
/usr/local/include/odfaeg/Core/../Graphics/../Physics/../Math/computer.h:187:64: warning: '&&' within '||' [-Wlogical-op-parentheses]
                        if (currentPathIndex == path.size() -1 && time > 0 || currentPathIndex == 0 && time < 0)
                            ~~~~~~~~~~~~~~~~~~~~~~~~~~~~~~~~~~~^~~~~~~~~~~ ~~
/usr/local/include/odfaeg/Core/../Graphics/../Physics/../Math/computer.h:187:64: note: place parentheses around the '&&' expression to silence this warning
                        if (currentPathIndex == path.size() -1 && time > 0 || currentPathIndex == 0 && time < 0)
                                                               ^
                            (                                             )
/usr/local/include/odfaeg/Core/../Graphics/../Physics/../Math/computer.h:187:101: warning: '&&' within '||' [-Wlogical-op-parentheses]
                        if (currentPathIndex == path.size() -1 && time > 0 || currentPathIndex == 0 && time < 0)
                                                                           ~~ ~~~~~~~~~~~~~~~~~~~~~~^~~~~~~~~~~
/usr/local/include/odfaeg/Core/../Graphics/../Physics/../Math/computer.h:187:101: note: place parentheses around the '&&' expression to silence this warning
                        if (currentPathIndex == path.size() -1 && time > 0 || currentPathIndex == 0 && time < 0)
                                                                                                    ^
                                                                              (                                )
/usr/local/include/odfaeg/Core/../Graphics/../Physics/../Math/computer.h:292:64: warning: '&&' within '||' [-Wlogical-op-parentheses]
                        if (currentPathIndex == path.size() -1 && time > 0 || currentPathIndex == 0 && time < 0)
                            ~~~~~~~~~~~~~~~~~~~~~~~~~~~~~~~~~~~^~~~~~~~~~~ ~~
/usr/local/include/odfaeg/Core/../Graphics/../Physics/../Math/computer.h:292:64: note: place parentheses around the '&&' expression to silence this warning
                        if (currentPathIndex == path.size() -1 && time > 0 || currentPathIndex == 0 && time < 0)
                                                               ^
                            (                                             )
/usr/local/include/odfaeg/Core/../Graphics/../Physics/../Math/computer.h:292:101: warning: '&&' within '||' [-Wlogical-op-parentheses]
                        if (currentPathIndex == path.size() -1 && time > 0 || currentPathIndex == 0 && time < 0)
                                                                           ~~ ~~~~~~~~~~~~~~~~~~~~~~^~~~~~~~~~~
/usr/local/include/odfaeg/Core/../Graphics/../Physics/../Math/computer.h:292:101: note: place parentheses around the '&&' expression to silence this warning
                        if (currentPathIndex == path.size() -1 && time > 0 || currentPathIndex == 0 && time < 0)
                                                                                                    ^
                                                                              (                                )
/usr/local/include/odfaeg/Core/../Graphics/../Physics/../Math/computer.h:416:81: warning: '&&' within '||' [-Wlogical-op-parentheses]
                        if ((dist <= distMin) && (nDist <= nDistMin) && (a1 > 0 && a2 < 0 || a1 < 0 && a2 > 0)) {
                                                                         ~~~~~~~^~~~~~~~~ ~~
/usr/local/include/odfaeg/Core/../Graphics/../Physics/../Math/computer.h:416:81: note: place parentheses around the '&&' expression to silence this warning
                        if ((dist <= distMin) && (nDist <= nDistMin) && (a1 > 0 && a2 < 0 || a1 < 0 && a2 > 0)) {
                                                                                ^
                                                                         (               )
/usr/local/include/odfaeg/Core/../Graphics/../Physics/../Math/computer.h:416:101: warning: '&&' within '||' [-Wlogical-op-parentheses]
                        if ((dist <= distMin) && (nDist <= nDistMin) && (a1 > 0 && a2 < 0 || a1 < 0 && a2 > 0)) {
                                                                                          ~~ ~~~~~~~^~~~~~~~~
/usr/local/include/odfaeg/Core/../Graphics/../Physics/../Math/computer.h:416:101: note: place parentheses around the '&&' expression to silence this warning
                        if ((dist <= distMin) && (nDist <= nDistMin) && (a1 > 0 && a2 < 0 || a1 < 0 && a2 > 0)) {
                                                                                                    ^
                                                                                             (               )
In file included from Test/test.cpp:1:
In file included from /home/laurent/Développement/Projets-c++/ODFAEGCREATOR/Test/test.hpp:3:
In file included from /usr/local/include/odfaeg/Core/application.h:6:
In file included from /usr/local/include/odfaeg/Core/../Graphics/renderComponentManager.h:6:
In file included from /usr/local/include/odfaeg/Core/../Graphics/../Graphics/tile.h:9:
In file included from /usr/local/include/odfaeg/Core/../Graphics/entity.h:5:
In file included from /usr/local/include/odfaeg/Core/../Graphics/../Core/state.h:6:
/usr/local/include/odfaeg/Core/stateParameter.h:32:22: warning: field 'name' will be initialized after field 'value' [-Wreorder]
                     name (name), value (std::forward<T>(value)) {
                     ^
In file included from Test/test.cpp:1:
In file included from /home/laurent/Développement/Projets-c++/ODFAEGCREATOR/Test/test.hpp:3:
In file included from /usr/local/include/odfaeg/Core/application.h:6:
In file included from /usr/local/include/odfaeg/Core/../Graphics/renderComponentManager.h:7:
In file included from /usr/local/include/odfaeg/Core/../Graphics/../../../include/odfaeg/Graphics/heavyComponent.h:3:
/usr/local/include/odfaeg/Core/../Graphics/component.h:13:13: warning: field 'priority' will be initialized after field 'window' [-Wreorder]
            priority(priority),
            ^
In file included from Test/test.cpp:1:
In file included from /home/laurent/Développement/Projets-c++/ODFAEGCREATOR/Test/test.hpp:3:
In file included from /usr/local/include/odfaeg/Core/application.h:6:
In file included from /usr/local/include/odfaeg/Core/../Graphics/renderComponentManager.h:7:
/usr/local/include/odfaeg/Core/../Graphics/../../../include/odfaeg/Graphics/heavyComponent.h:29:26: warning: 'odfaeg::graphic::HeavyComponent::draw' hides overloaded virtual function [-Woverloaded-virtual]
            virtual void draw(Drawable& drawable, RenderStates states) = 0;
                         ^
/usr/local/include/odfaeg/Core/../Graphics/drawable.h:55:26: note: hidden overloaded virtual function 'odfaeg::graphic::Drawable::draw' declared here: type mismatch at 1st parameter ('odfaeg::graphic::RenderTarget &' vs 'odfaeg::graphic::Drawable &')
            virtual void draw(RenderTarget& target, RenderStates states) = 0;
                         ^
In file included from Test/test.cpp:1:
In file included from /home/laurent/Développement/Projets-c++/ODFAEGCREATOR/Test/test.hpp:3:
In file included from /usr/local/include/odfaeg/Core/application.h:10:
/usr/local/include/odfaeg/Core/../Network/network.h:182:26: warning: reference cannot be bound to dereferenced null pointer in well-defined C++ code; comparison may be assumed to always evaluate to false [-Wtautological-undefined-compare]
                    if (&cli == nullptr) {
                         ^~~    ~~~~~~~
/usr/local/include/odfaeg/Core/../Network/network.h:219:26: warning: reference cannot be bound to dereferenced null pointer in well-defined C++ code; comparison may be assumed to always evaluate to false [-Wtautological-undefined-compare]
                    if (&srv == nullptr) {
                         ^~~    ~~~~~~~
16 warnings generated.
